/Users/admin/Documents/AI_Agents/Autonomous_academy/venv/lib/python3.9/site-packages/urllib3/__init__.py:35: NotOpenSSLWarning: urllib3 v2 only supports OpenSSL 1.1.1+, currently the 'ssl' module is compiled with 'LibreSSL 2.8.3'. See: https://github.com/urllib3/urllib3/issues/3020
  warnings.warn(
INFO:     Started server process [5571]
INFO:     Waiting for application startup.
INFO:     Application startup complete.
INFO:     Uvicorn running on http://0.0.0.0:8000 (Press CTRL+C to quit)
INFO:     127.0.0.1:64233 - "OPTIONS /api/generate-course HTTP/1.1" 200 OK
Generating syllabus chunk 1/1 (Modules 1-5)...
INFO:     127.0.0.1:64233 - "POST /api/generate-course HTTP/1.1" 200 OK
INFO:     127.0.0.1:64281 - "OPTIONS /api/generate-lesson HTTP/1.1" 200 OK
/Users/admin/Documents/AI_Agents/Autonomous_academy/src/autonomous_academy/services/content.py:25: RuntimeWarning: This package (`duckduckgo_search`) has been renamed to `ddgs`! Use `pip install ddgs` instead.
  with DDGS() as ddgs:
DEBUG SLIDES RAW RESPONSE: [
  {
    "title": "Foundations of Data Structures",
    "bullets": [],
    "speaker_notes": "Welcome to this lesson on the foundations of data structures. In this lesson, we'll explore the importance of data structures, discuss the trade-offs between different types, and identify the basic operations that can be performed on them. By the end of this lesson, you should be able to define the importance of data structures in computer science, explain the trade-offs between different data structure...
DEBUG PROJECT RAW: ```json
{
  "title": "Designing an Efficient Library Management System",
  "scenario": "As part of a larger capstone project, you are tasked with designing a library management system that can efficiently store and retrieve book information. The system should be able to handle a large number of books, authors, and genres. Your task is to design the data structure and implement the basic operations for the book catalog. This module's contribution will focus on the design and implementation of the...
Error parsing project: 12 validation errors for ProjectBrief
rubric.criteria.0.levels.0
  Input should be a valid string [type=string_type, input_value={'level': 'Excellent', 'd... correct and efficient'}, input_type=dict]
    For further information visit https://errors.pydantic.dev/2.12/v/string_type
rubric.criteria.0.levels.1
  Input should be a valid string [type=string_type, input_value={'level': 'Good', 'descri... has some minor errors'}, input_type=dict]
    For further information visit https://errors.pydantic.dev/2.12/v/string_type
rubric.criteria.0.levels.2
  Input should be a valid string [type=string_type, input_value={'level': 'Fair', 'descri...has significant errors'}, input_type=dict]
    For further information visit https://errors.pydantic.dev/2.12/v/string_type
rubric.criteria.0.levels.3
  Input should be a valid string [type=string_type, input_value={'level': 'Poor', 'descri...ncorrect or incomplete'}, input_type=dict]
    For further information visit https://errors.pydantic.dev/2.12/v/string_type
rubric.criteria.1.levels.0
  Input should be a valid string [type=string_type, input_value={'level': 'Excellent', 'd...ustified and efficient'}, input_type=dict]
    For further information visit https://errors.pydantic.dev/2.12/v/string_type
rubric.criteria.1.levels.1
  Input should be a valid string [type=string_type, input_value={'level': 'Good', 'descri...t has some minor flaws'}, input_type=dict]
    For further information visit https://errors.pydantic.dev/2.12/v/string_type
rubric.criteria.1.levels.2
  Input should be a valid string [type=string_type, input_value={'level': 'Fair', 'descri... has significant flaws'}, input_type=dict]
    For further information visit https://errors.pydantic.dev/2.12/v/string_type
rubric.criteria.1.levels.3
  Input should be a valid string [type=string_type, input_value={'level': 'Poor', 'descri...stified or inefficient'}, input_type=dict]
    For further information visit https://errors.pydantic.dev/2.12/v/string_type
rubric.criteria.2.levels.0
  Input should be a valid string [type=string_type, input_value={'level': 'Excellent', 'd... and thoroughly tested'}, input_type=dict]
    For further information visit https://errors.pydantic.dev/2.12/v/string_type
rubric.criteria.2.levels.1
  Input should be a valid string [type=string_type, input_value={'level': 'Good', 'descri...e minor testing issues'}, input_type=dict]
    For further information visit https://errors.pydantic.dev/2.12/v/string_type
rubric.criteria.2.levels.2
  Input should be a valid string [type=string_type, input_value={'level': 'Fair', 'descri...tion or testing issues'}, input_type=dict]
    For further information visit https://errors.pydantic.dev/2.12/v/string_type
rubric.criteria.2.levels.3
  Input should be a valid string [type=string_type, input_value={'level': 'Poor', 'descri...nized or lacks testing'}, input_type=dict]
    For further information visit https://errors.pydantic.dev/2.12/v/string_type
DEBUG PROJECT FULL: ```json
{
  "title": "Designing an Efficient Library Management System",
  "scenario": "As part of a larger capstone project, you are tasked with designing a library management system that can efficiently store and retrieve book information. The system should be able to handle a large number of books, authors, and genres. Your task is to design the data structure and implement the basic operations for the book catalog. This module's contribution will focus on the design and implementation of the book catalog data structure and its operations. The larger system will integrate this module with other components, such as user authentication and book borrowing functionality.",
  "deliverables": [
    "A written report explaining the choice of data structure and its trade-offs",
    "A Python implementation of the book catalog data structure and its operations",
    "A test suite to demonstrate the correctness of the implementation"
  ],
  "rubric": {
    "criteria": [
      {
        "criterion": "Correctness of the implementation",
        "weight": 0.4,
        "levels": [
          { "level": "Excellent", "description": "The implementation is correct and efficient" },
          { "level": "Good", "description": "The implementation is mostly correct but has some minor errors" },
          { "level": "Fair", "description": "The implementation has significant errors" },
          { "level": "Poor", "description": "The implementation is incorrect or incomplete" }
        ]
      },
      {
        "criterion": "Choice of data structure and trade-offs",
        "weight": 0.3,
        "levels": [
          { "level": "Excellent", "description": "The choice of data structure is well-justified and efficient" },
          { "level": "Good", "description": "The choice of data structure is mostly justified but has some minor flaws" },
          { "level": "Fair", "description": "The choice of data structure has significant flaws" },
          { "level": "Poor", "description": "The choice of data structure is unjustified or inefficient" }
        ]
      },
      {
        "criterion": "Code quality and testing",
        "weight": 0.3,
        "levels": [
          { "level": "Excellent", "description": "The code is well-organized, readable, and thoroughly tested" },
          { "level": "Good", "description": "The code is mostly well-organized and readable but has some minor testing issues" },
          { "level": "Fair", "description": "The code has significant organization or testing issues" },
          { "level": "Poor", "description": "The code is poorly organized or lacks testing" }
        ]
      }
    ],
    "reference_answer": "An ideal submission would include a clear and concise report explaining the choice of data structure (e.g., a hash table or a binary search tree) and its trade-offs (e.g., time and space complexity). The implementation would be efficient and correct, with a comprehensive test suite to demonstrate its correctness. The code would be well-organized, readable, and follow standard professional guidelines."
  }
}
```
INFO:     127.0.0.1:64281 - "POST /api/generate-lesson HTTP/1.1" 200 OK
Requesting presentation generation for: Foundations of Data Structures
Downloading presentation from: http://localhost:5000/app_data/exports/Foundations of Data Structures  Speaker Notes Welcome to this lesson on the foundations of da.pptx
Presentation saved to: /tmp/slides_mod-1.pptx
INFO:     127.0.0.1:64447 - "GET /api/download-slides/mod-1 HTTP/1.1" 200 OK
